<?xml version="1.0" encoding="UTF-8"?>
<!-- Generated by org.testng.reporters.JUnitXMLReporter -->
<testsuite ignored="1" hostname="PANINI18" failures="0" tests="1" name="Default test" time="91.356" errors="0" timestamp="2025-03-20T15:05:20 IST">
  <testcase classname="Cherpsystem.cherpsystem.UNUMReconciliationreport" name="unumrecon" time="91.333"/>
  <testcase classname="Cherpsystem.cherpsystem.UNUMReconciliationreport" name="loginTest" time="0.0">
    <ignored/>
  </testcase> <!-- loginTest -->
</testsuite> <!-- Default test -->
