<?xml version="1.0" encoding="UTF-8"?>
<!-- Generated by org.testng.reporters.JUnitXMLReporter -->
<testsuite ignored="1" hostname="PANINI18" failures="0" tests="1" name="Default test" time="92.781" errors="0" timestamp="2025-02-18T15:05:25 IST">
  <testcase classname="Cherpsystem.cherpsystem.Chathamreport" name="chathamtablefuction" time="92.761"/>
  <testcase classname="Cherpsystem.cherpsystem.Chathamreport" name="loginTest" time="0.0">
    <ignored/>
  </testcase> <!-- loginTest -->
</testsuite> <!-- Default test -->
