<?xml version="1.0" encoding="UTF-8"?>
<testng-results ignored="1" total="2" passed="1" failed="0" skipped="0">
  <reporter-output>
  </reporter-output>
  <suite started-at="2025-01-28T16:25:51 IST" name="Default suite" finished-at="2025-01-28T16:27:52 IST" duration-ms="120470">
    <groups>
    </groups>
    <test started-at="2025-01-28T16:25:51 IST" name="Default test" finished-at="2025-01-28T16:27:52 IST" duration-ms="120470">
      <class name="Cherpsystem.cherpsystem.Useraccounts">
        <test-method signature="Createuser()[pri:0, instance:Cherpsystem.cherpsystem.Useraccounts@77a7cf58]" started-at="2025-01-28T16:25:51 IST" name="Createuser" finished-at="2025-01-28T16:27:52 IST" duration-ms="120449" status="PASS">
          <reporter-output>
          </reporter-output>
        </test-method> <!-- Createuser -->
      </class> <!-- Cherpsystem.cherpsystem.Useraccounts -->
    </test> <!-- Default test -->
  </suite> <!-- Default suite -->
</testng-results>
