<?xml version="1.0" encoding="UTF-8"?>
<!-- Generated by org.testng.reporters.JUnitReportReporter -->
<testsuite hostname="PANINI18" failures="0" tests="2" name="Cherpsystem.cherpsystem.Gwinnettreport" time="120.162" errors="0" timestamp="2026-01-02T12:22:00 IST" skipped="1">
  <testcase classname="Cherpsystem.cherpsystem.Gwinnettreport" name="Grid3" time="120.162"/>
  <system-out/>
  <testcase classname="Cherpsystem.cherpsystem.Gwinnettreport" name="loginTest">
    <skipped/>
  </testcase> <!-- loginTest -->
  <system-out/>
</testsuite> <!-- Cherpsystem.cherpsystem.Gwinnettreport -->
