<?xml version="1.0" encoding="UTF-8"?>
<!-- Generated by org.testng.reporters.JUnitReportReporter -->
<testsuite hostname="PANINI18" failures="0" tests="2" name="Cherpsystem.cherpsystem.Gwinnettcontractrate" time="24.726" errors="0" timestamp="2026-02-27T11:41:33 IST" skipped="1">
  <testcase classname="Cherpsystem.cherpsystem.Gwinnettcontractrate" name="Download" time="24.726"/>
  <system-out/>
  <testcase classname="Cherpsystem.cherpsystem.Gwinnettcontractrate" name="loginTest">
    <skipped/>
  </testcase> <!-- loginTest -->
  <system-out/>
</testsuite> <!-- Cherpsystem.cherpsystem.Gwinnettcontractrate -->
